# JRE version: Java(TM) SE Runtime Environment (8.0_05-b13) (build 1.8.0_05-b13)
# Java VM: Java HotSpot(TM) 64-Bit Server VM (25.5-b02 mixed mode windows-amd64 compressed oops)
Heap:
 PSYoungGen      total 8192K, used 1320K [0x00000000d6e00000, 0x00000000d7c00000, 0x0000000100000000)
  eden space 6144K, 7% used [0x00000000d6e00000,0x00000000d6e720e8,0x00000000d7400000)
  from space 2048K, 42% used [0x00000000d7400000,0x00000000d74d8000,0x00000000d7600000)
  to   space 2048K, 0% used [0x00000000d7a00000,0x00000000d7a00000,0x00000000d7c00000)
 ParOldGen       total 125440K, used 2898K [0x0000000084a00000, 0x000000008c480000, 0x00000000d6e00000)
  object space 125440K, 2% used [0x0000000084a00000,0x0000000084cd4b70,0x000000008c480000)
 Metaspace       used 9924K, capacity 10128K, committed 10240K, reserved 1058816K
  class space    used 1187K, capacity 1254K, committed 1280K, reserved 1048576K
GC Heap History (10 events):
Event: 0.511 GC heap before
{Heap before GC invocations=7 (full 0):
 PSYoungGen      total 3072K, used 2930K [0x00000000d6e00000, 0x00000000d7200000, 0x0000000100000000)
  eden space 2048K, 100% used [0x00000000d6e00000,0x00000000d7000000,0x00000000d7000000)
  from space 1024K, 86% used [0x00000000d7100000,0x00000000d71dc908,0x00000000d7200000)
  to   space 1024K, 0% used [0x00000000d7000000,0x00000000d7000000,0x00000000d7100000)
 ParOldGen       total 125440K, used 947K [0x0000000084a00000, 0x000000008c480000, 0x00000000d6e00000)
  object space 125440K, 0% used [0x0000000084a00000,0x0000000084aecf98,0x000000008c480000)
 Metaspace       used 5381K, capacity 5582K, committed 5888K, reserved 1056768K
  class space    used 613K, capacity 676K, committed 768K, reserved 1048576K
Event: 0.512 GC heap after
Heap after GC invocations=7 (full 0):
 PSYoungGen      total 3072K, used 864K [0x00000000d6e00000, 0x00000000d7400000, 0x0000000100000000)
  eden space 2048K, 0% used [0x00000000d6e00000,0x00000000d6e00000,0x00000000d7000000)
  from space 1024K, 84% used [0x00000000d7000000,0x00000000d70d8000,0x00000000d7100000)
  to   space 1024K, 0% used [0x00000000d7300000,0x00000000d7300000,0x00000000d7400000)
 ParOldGen       total 125440K, used 1267K [0x0000000084a00000, 0x000000008c480000, 0x00000000d6e00000)
  object space 125440K, 1% used [0x0000000084a00000,0x0000000084b3cfa8,0x000000008c480000)
 Metaspace       used 5381K, capacity 5582K, committed 5888K, reserved 1056768K
  class space    used 613K, capacity 676K, committed 768K, reserved 1048576K
}
Event: 0.623 GC heap before
{Heap before GC invocations=8 (full 0):
 PSYoungGen      total 3072K, used 2912K [0x00000000d6e00000, 0x00000000d7400000, 0x0000000100000000)
  eden space 2048K, 100% used [0x00000000d6e00000,0x00000000d7000000,0x00000000d7000000)
  from space 1024K, 84% used [0x00000000d7000000,0x00000000d70d8000,0x00000000d7100000)
  to   space 1024K, 0% used [0x00000000d7300000,0x00000000d7300000,0x00000000d7400000)
 ParOldGen       total 125440K, used 1267K [0x0000000084a00000, 0x000000008c480000, 0x00000000d6e00000)
  object space 125440K, 1% used [0x0000000084a00000,0x0000000084b3cfa8,0x000000008c480000)
 Metaspace       used 7316K, capacity 7536K, committed 7680K, reserved 1056768K
  class space    used 867K, capacity 902K, committed 1024K, reserved 1048576K
Event: 0.625 GC heap after
Heap after GC invocations=8 (full 0):
 PSYoungGen      total 4608K, used 1024K [0x00000000d6e00000, 0x00000000d7500000, 0x0000000100000000)
  eden space 3584K, 0% used [0x00000000d6e00000,0x00000000d6e00000,0x00000000d7180000)
  from space 1024K, 100% used [0x00000000d7300000,0x00000000d7400000,0x00000000d7400000)
  to   space 1536K, 0% used [0x00000000d7180000,0x00000000d7180000,0x00000000d7300000)
 ParOldGen       total 125440K, used 1501K [0x0000000084a00000, 0x000000008c480000, 0x00000000d6e00000)
  object space 125440K, 1% used [0x0000000084a00000,0x0000000084b77748,0x000000008c480000)
 Metaspace       used 7316K, capacity 7536K, committed 7680K, reserved 1056768K
  class space    used 867K, capacity 902K, committed 1024K, reserved 1048576K
}
Event: 6.030 GC heap before
{Heap before GC invocations=9 (full 0):
 PSYoungGen      total 4608K, used 4608K [0x00000000d6e00000, 0x00000000d7500000, 0x0000000100000000)
  eden space 3584K, 100% used [0x00000000d6e00000,0x00000000d7180000,0x00000000d7180000)
  from space 1024K, 100% used [0x00000000d7300000,0x00000000d7400000,0x00000000d7400000)
  to   space 1536K, 0% used [0x00000000d7180000,0x00000000d7180000,0x00000000d7300000)
 ParOldGen       total 125440K, used 1501K [0x0000000084a00000, 0x000000008c480000, 0x00000000d6e00000)
  object space 125440K, 1% used [0x0000000084a00000,0x0000000084b77748,0x000000008c480000)
 Metaspace       used 8393K, capacity 8560K, committed 8832K, reserved 1056768K
  class space    used 999K, capacity 1030K, committed 1152K, reserved 1048576K
Event: 6.032 GC heap after
Heap after GC invocations=9 (full 0):
 PSYoungGen      total 5120K, used 1529K [0x00000000d6e00000, 0x00000000d7800000, 0x0000000100000000)
  eden space 3584K, 0% used [0x00000000d6e00000,0x00000000d6e00000,0x00000000d7180000)
  from space 1536K, 99% used [0x00000000d7180000,0x00000000d72fe710,0x00000000d7300000)
  to   space 2048K, 0% used [0x00000000d7600000,0x00000000d7600000,0x00000000d7800000)
 ParOldGen       total 125440K, used 1849K [0x0000000084a00000, 0x000000008c480000, 0x00000000d6e00000)
  object space 125440K, 1% used [0x0000000084a00000,0x0000000084bce610,0x000000008c480000)
 Metaspace       used 8393K, capacity 8560K, committed 8832K, reserved 1056768K
  class space    used 999K, capacity 1030K, committed 1152K, reserved 1048576K
}
Event: 6.113 GC heap before
{Heap before GC invocations=10 (full 0):
 PSYoungGen      total 5120K, used 5112K [0x00000000d6e00000, 0x00000000d7800000, 0x0000000100000000)
  eden space 3584K, 99% used [0x00000000d6e00000,0x00000000d717fb20,0x00000000d7180000)
  from space 1536K, 99% used [0x00000000d7180000,0x00000000d72fe710,0x00000000d7300000)
  to   space 2048K, 0% used [0x00000000d7600000,0x00000000d7600000,0x00000000d7800000)
 ParOldGen       total 125440K, used 1849K [0x0000000084a00000, 0x000000008c480000, 0x00000000d6e00000)
  object space 125440K, 1% used [0x0000000084a00000,0x0000000084bce610,0x000000008c480000)
 Metaspace       used 9034K, capacity 9200K, committed 9344K, reserved 1056768K
  class space    used 1063K, capacity 1094K, committed 1152K, reserved 1048576K
Event: 6.115 GC heap after
Heap after GC invocations=10 (full 0):
 PSYoungGen      total 8192K, used 1205K [0x00000000d6e00000, 0x00000000d7800000, 0x0000000100000000)
  eden space 6144K, 0% used [0x00000000d6e00000,0x00000000d6e00000,0x00000000d7400000)
  from space 2048K, 58% used [0x00000000d7600000,0x00000000d772d490,0x00000000d7800000)
  to   space 2048K, 0% used [0x00000000d7400000,0x00000000d7400000,0x00000000d7600000)
 ParOldGen       total 125440K, used 2622K [0x0000000084a00000, 0x000000008c480000, 0x00000000d6e00000)
  object space 125440K, 2% used [0x0000000084a00000,0x0000000084c8fb78,0x000000008c480000)
 Metaspace       used 9034K, capacity 9200K, committed 9344K, reserved 1056768K
  class space    used 1063K, capacity 1094K, committed 1152K, reserved 1048576K
}
Event: 93.123 GC heap before
{Heap before GC invocations=11 (full 0):
 PSYoungGen      total 8192K, used 7349K [0x00000000d6e00000, 0x00000000d7800000, 0x0000000100000000)
  eden space 6144K, 100% used [0x00000000d6e00000,0x00000000d7400000,0x00000000d7400000)
  from space 2048K, 58% used [0x00000000d7600000,0x00000000d772d490,0x00000000d7800000)
  to   space 2048K, 0% used [0x00000000d7400000,0x00000000d7400000,0x00000000d7600000)
 ParOldGen       total 125440K, used 2622K [0x0000000084a00000, 0x000000008c480000, 0x00000000d6e00000)
  object space 125440K, 2% used [0x0000000084a00000,0x0000000084c8fb78,0x000000008c480000)
 Metaspace       used 9903K, capacity 10128K, committed 10240K, reserved 1058816K
  class space    used 1186K, capacity 1254K, committed 1280K, reserved 1048576K
Event: 93.125 GC heap after
Heap after GC invocations=11 (full 0):
 PSYoungGen      total 8192K, used 864K [0x00000000d6e00000, 0x00000000d7c00000, 0x0000000100000000)
  eden space 6144K, 0% used [0x00000000d6e00000,0x00000000d6e00000,0x00000000d7400000)
  from space 2048K, 42% used [0x00000000d7400000,0x00000000d74d8000,0x00000000d7600000)
  to   space 2048K, 0% used [0x00000000d7a00000,0x00000000d7a00000,0x00000000d7c00000)
 ParOldGen       total 125440K, used 2898K [0x0000000084a00000, 0x000000008c480000, 0x00000000d6e00000)
  object space 125440K, 2% used [0x0000000084a00000,0x0000000084cd4b70,0x000000008c480000)
 Metaspace       used 9903K, capacity 10128K, committed 10240K, reserved 1058816K
  class space    used 1186K, capacity 1254K, committed 1280K, reserved 1048576K
}

